0 info it worked if it ends with ok
1 verbose cli [ '/home/vit/.nvm/versions/node/v4.4.5/bin/node',
1 verbose cli   '/home/vit/.nvm/versions/node/v4.4.5/bin/npm',
1 verbose cli   'run',
1 verbose cli   'build' ]
2 info using npm@2.15.5
3 info using node@v4.4.5
4 verbose stack Error: missing script: build
4 verbose stack     at run (/home/vit/.nvm/versions/node/v4.4.5/lib/node_modules/npm/lib/run-script.js:142:19)
4 verbose stack     at /home/vit/.nvm/versions/node/v4.4.5/lib/node_modules/npm/lib/run-script.js:58:5
4 verbose stack     at /home/vit/.nvm/versions/node/v4.4.5/lib/node_modules/npm/node_modules/read-package-json/read-json.js:356:5
4 verbose stack     at checkBinReferences_ (/home/vit/.nvm/versions/node/v4.4.5/lib/node_modules/npm/node_modules/read-package-json/read-json.js:320:45)
4 verbose stack     at final (/home/vit/.nvm/versions/node/v4.4.5/lib/node_modules/npm/node_modules/read-package-json/read-json.js:354:3)
4 verbose stack     at then (/home/vit/.nvm/versions/node/v4.4.5/lib/node_modules/npm/node_modules/read-package-json/read-json.js:124:5)
4 verbose stack     at /home/vit/.nvm/versions/node/v4.4.5/lib/node_modules/npm/node_modules/read-package-json/read-json.js:311:12
4 verbose stack     at /home/vit/.nvm/versions/node/v4.4.5/lib/node_modules/npm/node_modules/graceful-fs/graceful-fs.js:78:16
4 verbose stack     at FSReqWrap.readFileAfterClose [as oncomplete] (fs.js:380:3)
5 verbose cwd /home/vit/development/voilarts/wp-content/themes/voilarts
6 error Linux 3.16.0-0.bpo.4-686-pae
7 error argv "/home/vit/.nvm/versions/node/v4.4.5/bin/node" "/home/vit/.nvm/versions/node/v4.4.5/bin/npm" "run" "build"
8 error node v4.4.5
9 error npm  v2.15.5
10 error missing script: build
11 error If you need help, you may report this error at:
11 error     <https://github.com/npm/npm/issues>
12 verbose exit [ 1, true ]
